<?xml version="1.0" encoding="UTF-8"?>
<!-- Generated by org.testng.reporters.JUnitReportReporter -->
<testsuite skipped="0" hostname="DMS" name="com.Tests.TestBaseOne" tests="2" failures="0" timestamp="24 May 2017 02:51:35 GMT" time="0.332" errors="0">
  <testcase name="Registration" time="0.206" classname="com.Tests.TestBaseOne"/>
  <testcase name="ProductBook" time="0.126" classname="com.Tests.TestBaseOne"/>
</testsuite> <!-- com.Tests.TestBaseOne -->
