<?xml version="1.0" encoding="UTF-8"?>
<!-- Generated by org.testng.reporters.JUnitReportReporter -->
<testsuite skipped="0" hostname="DMS" name="com.Tests.TestBaseTwo" tests="2" failures="0" timestamp="24 May 2017 02:51:35 GMT" time="1.059" errors="0">
  <testcase name="Deregister" time="0.899" classname="com.Tests.TestBaseTwo"/>
  <testcase name="Onboarding" time="0.160" classname="com.Tests.TestBaseTwo"/>
</testsuite> <!-- com.Tests.TestBaseTwo -->
